2024-08-07 18:22:59 INFO  Log:11 - =====================================loginTest TEST START=========================================
2024-08-07 18:22:59 INFO  Log:22 - user is going to click on SignIn
2024-08-07 18:23:00 INFO  Log:22 - Enter Username and Password
2024-08-07 18:23:02 INFO  Log:22 - Verifying if user is able to login
2024-08-07 18:23:02 INFO  Log:22 - Login is Sucess
2024-08-07 18:23:02 INFO  Log:15 - =====================================loginTest TEST END=========================================
2024-08-07 18:39:30 INFO  Log:11 - =====================================loginTest TEST START=========================================
2024-08-07 18:39:30 INFO  Log:22 - user is going to click on SignIn
2024-08-07 18:39:30 INFO  Log:22 - Enter Username and Password
2024-08-07 18:39:32 INFO  Log:22 - Verifying if user is able to login
2024-08-07 18:39:32 INFO  Log:22 - Login is Sucess
2024-08-07 18:39:32 INFO  Log:15 - =====================================loginTest TEST END=========================================
2024-08-07 18:40:47 INFO  Log:11 - =====================================verifyLogo TEST START=========================================
2024-08-07 18:40:48 INFO  Log:15 - =====================================verifyLogo TEST END=========================================
2024-08-07 18:40:51 INFO  Log:11 - =====================================verifyTitle TEST START=========================================
2024-08-07 18:40:51 INFO  Log:11 - =====================================verifyTitle TEST START=========================================
2024-08-07 18:51:19 INFO  Log:11 - =====================================verifyLogo TEST START=========================================
2024-08-07 18:51:19 INFO  Log:15 - =====================================verifyLogo TEST END=========================================
2024-08-07 18:51:22 INFO  Log:11 - =====================================verifyTitle TEST START=========================================
2024-08-07 18:51:22 INFO  Log:11 - =====================================verifyTitle TEST START=========================================
2024-08-07 18:51:24 INFO  Log:11 - =====================================loginTest TEST START=========================================
2024-08-07 18:51:24 INFO  Log:22 - user is going to click on SignIn
2024-08-07 18:51:24 INFO  Log:22 - Enter Username and Password
2024-08-07 18:51:26 INFO  Log:22 - Verifying if user is able to login
2024-08-07 18:51:26 INFO  Log:22 - Login is Sucess
2024-08-07 18:51:26 INFO  Log:15 - =====================================loginTest TEST END=========================================
2024-08-09 15:19:07 INFO  Log:11 - =====================================verifyTitle TEST START=========================================
2024-08-09 15:19:07 INFO  Log:11 - =====================================verifyTitle TEST START=========================================
2024-08-09 15:21:48 INFO  Log:11 - =====================================verifyTitle TEST START=========================================
2024-08-09 15:21:48 INFO  Log:11 - =====================================verifyTitle TEST START=========================================
2024-08-09 15:24:55 INFO  Log:11 - =====================================verifyHomePageTest TEST START=========================================
2024-08-09 15:24:58 INFO  Log:11 - =====================================verifyTitle TEST START=========================================
2024-08-09 15:26:55 INFO  Log:11 - =====================================verifyLogo TEST START=========================================
2024-08-09 15:28:50 INFO  Log:11 - =====================================verifyLogo TEST START=========================================
2024-08-09 15:29:30 INFO  Log:11 - =====================================verifyTitle TEST START=========================================
2024-08-09 15:29:30 INFO  Log:15 - =====================================verified Title Successfully TEST END=========================================
2024-08-09 15:29:30 INFO  Log:15 - =====================================verified Logo Successfully TEST END=========================================
2024-08-09 15:29:30 INFO  Log:11 - =====================================verifyHomePageTest TEST START=========================================
2024-08-09 15:31:36 INFO  Log:11 - =====================================verifyTitle TEST START=========================================
2024-08-09 15:31:37 INFO  Log:15 - =====================================verified Title Successfully TEST END=========================================
2024-08-09 15:31:37 INFO  Log:11 - =====================================verifyHomePageTest TEST START=========================================
2024-08-09 15:32:19 INFO  Log:11 - =====================================verifyTitle TEST START=========================================
2024-08-09 15:32:19 INFO  Log:15 - =====================================verified Title Successfully TEST END=========================================
2024-08-09 15:32:19 INFO  Log:11 - =====================================verifyHomePageTest TEST START=========================================
